[INFO] Scanning for projects...
[INFO] 
[INFO] ------------------< com.workshop:workshop-management >------------------
[INFO] Building workshop-management 1.0.0
[INFO]   from pom.xml
[INFO] --------------------------------[ jar ]---------------------------------
[INFO] 
[INFO] --- clean:3.3.2:clean (default-clean) @ workshop-management ---
[INFO] Deleting C:\Users\Arokiya Nithish\Downloads\project fds\workshop-management\target
[INFO] 
[INFO] --- resources:3.3.1:resources (default-resources) @ workshop-management ---
[INFO] Copying 1 resource from src\main\resources to target\classes
[INFO] Copying 5 resources from src\main\resources to target\classes
[INFO] 
[INFO] --- compiler:3.11.0:compile (default-compile) @ workshop-management ---
[INFO] Changes detected - recompiling the module! :source
[INFO] Compiling 56 source files with javac [debug release 17] to target\classes
[INFO] -------------------------------------------------------------
[ERROR] COMPILATION ERROR : 
[INFO] -------------------------------------------------------------
[ERROR] /C:/Users/Arokiya Nithish/Downloads/project fds/workshop-management/src/main/java/com/workshop/service/StudentService.java:[45,85] cannot find symbol
  symbol:   class TeamRegistrationRequest
  location: class com.workshop.service.StudentService
[INFO] 1 error
[INFO] -------------------------------------------------------------
[INFO] ------------------------------------------------------------------------
[INFO] BUILD FAILURE
[INFO] ------------------------------------------------------------------------
[INFO] Total time:  11.122 s
[INFO] Finished at: 2026-03-20T12:03:56+05:30
[INFO] ------------------------------------------------------------------------
[ERROR] Failed to execute goal org.apache.maven.plugins:maven-compiler-plugin:3.11.0:compile (default-compile) on project workshop-management: Compilation failure
[ERROR] /C:/Users/Arokiya Nithish/Downloads/project fds/workshop-management/src/main/java/com/workshop/service/StudentService.java:[45,85] cannot find symbol
[ERROR]   symbol:   class TeamRegistrationRequest
[ERROR]   location: class com.workshop.service.StudentService
[ERROR] 
[ERROR] -> [Help 1]
[ERROR] 
[ERROR] To see the full stack trace of the errors, re-run Maven with the -e switch.
[ERROR] Re-run Maven using the -X switch to enable full debug logging.
[ERROR] 
[ERROR] For more information about the errors and possible solutions, please read the following articles:
[ERROR] [Help 1] http://cwiki.apache.org/confluence/display/MAVEN/MojoFailureException
